0 info it worked if it ends with ok
1 verbose cli [ '/Users/jsanchez/.nvm/versions/node/v4.4.3/bin/node',
1 verbose cli   '/Users/jsanchez/.nvm/versions/node/v4.4.3/bin/npm',
1 verbose cli   'publish' ]
2 info using npm@2.15.1
3 info using node@v4.4.3
4 verbose publish [ '.' ]
5 verbose stack Error: Invalid version: "0.1"
5 verbose stack     at Object.module.exports.fixVersionField (/Users/jsanchez/.nvm/versions/node/v4.4.3/lib/node_modules/npm/node_modules/normalize-package-data/lib/fixer.js:191:13)
5 verbose stack     at /Users/jsanchez/.nvm/versions/node/v4.4.3/lib/node_modules/npm/node_modules/normalize-package-data/lib/normalize.js:32:38
5 verbose stack     at Array.forEach (native)
5 verbose stack     at normalize (/Users/jsanchez/.nvm/versions/node/v4.4.3/lib/node_modules/npm/node_modules/normalize-package-data/lib/normalize.js:31:15)
5 verbose stack     at final (/Users/jsanchez/.nvm/versions/node/v4.4.3/lib/node_modules/npm/node_modules/read-package-json/read-json.js:338:5)
5 verbose stack     at then (/Users/jsanchez/.nvm/versions/node/v4.4.3/lib/node_modules/npm/node_modules/read-package-json/read-json.js:113:5)
5 verbose stack     at /Users/jsanchez/.nvm/versions/node/v4.4.3/lib/node_modules/npm/node_modules/read-package-json/read-json.js:300:12
5 verbose stack     at /Users/jsanchez/.nvm/versions/node/v4.4.3/lib/node_modules/npm/node_modules/graceful-fs/graceful-fs.js:78:16
5 verbose stack     at FSReqWrap.readFileAfterClose [as oncomplete] (fs.js:380:3)
6 verbose cwd /Users/jsanchez/Github/node-media-thumb
7 error Darwin 15.6.0
8 error argv "/Users/jsanchez/.nvm/versions/node/v4.4.3/bin/node" "/Users/jsanchez/.nvm/versions/node/v4.4.3/bin/npm" "publish"
9 error node v4.4.3
10 error npm  v2.15.1
11 error Invalid version: "0.1"
12 error If you need help, you may report this error at:
12 error     <https://github.com/npm/npm/issues>
13 verbose exit [ 1, true ]
